timestamp: 2015-06-01T12:44:25.252806
CREATE TABLE options(
    id INTEGER PRIMARY KEY AUTOINCREMENT,
    key CHAR(512) UNIQUE,
    value CHAR(512)
);
success!
timestamp: 2015-06-01T12:44:25.372301
CREATE TABLE term_texts(
    id INTEGER PRIMARY KEY AUTOINCREMENT,
    term_index INTEGER UNIQUE,
    term_text CHAR(512) UNIQUE
);
success!
timestamp: 2015-06-01T12:44:25.379045
CREATE TABLE term_freqs(
    id INTEGER PRIMARY KEY AUTOINCREMENT,
    term_index INTEGER UNIQUE,
    value DOUBLE,
    rank INTEGER
);
success!
timestamp: 2015-06-01T12:44:25.387284
CREATE TABLE term_probs(
    id INTEGER PRIMARY KEY AUTOINCREMENT,
    term_index INTEGER UNIQUE,
    value DOUBLE,
    rank INTEGER
);
success!
timestamp: 2015-06-01T12:44:25.396162
CREATE TABLE term_doc_freqs(
    id INTEGER PRIMARY KEY AUTOINCREMENT,
    term_index INTEGER UNIQUE,
    value DOUBLE,
    rank INTEGER
);
success!
timestamp: 2015-06-01T12:44:25.403566
CREATE TABLE term_co_freqs(
    id INTEGER PRIMARY KEY AUTOINCREMENT,
    first_term_index INTEGER,
    second_term_index INTEGER,
    value DOUBLE,
    rank INTEGER
);
success!
timestamp: 2015-06-01T12:44:25.412366
CREATE TABLE term_co_probs(
    id INTEGER PRIMARY KEY AUTOINCREMENT,
    first_term_index INTEGER,
    second_term_index INTEGER,
    value DOUBLE,
    rank INTEGER
);
success!
timestamp: 2015-06-01T12:44:25.427862
CREATE TABLE term_g2(
    id INTEGER PRIMARY KEY AUTOINCREMENT,
    first_term_index INTEGER,
    second_term_index INTEGER,
    value DOUBLE,
    rank INTEGER
);
success!
timestamp: 2015-06-01T12:44:25.462867
CREATE TABLE sentences_co_freqs(
    id INTEGER PRIMARY KEY AUTOINCREMENT,
    first_term_index INTEGER,
    second_term_index INTEGER,
    value DOUBLE,
    rank INTEGER
);
success!
timestamp: 2015-06-01T12:44:25.477136
CREATE TABLE sentences_co_probs(
    id INTEGER PRIMARY KEY AUTOINCREMENT,
    first_term_index INTEGER,
    second_term_index INTEGER,
    value DOUBLE,
    rank INTEGER
);
success!
timestamp: 2015-06-01T12:44:25.487479
CREATE TABLE sentences_g2(
    id INTEGER PRIMARY KEY AUTOINCREMENT,
    first_term_index INTEGER,
    second_term_index INTEGER,
    value DOUBLE,
    rank INTEGER
);
success!
timestamp: 2015-06-01T12:44:25.497245
CREATE TABLE vocab(
    id INTEGER PRIMARY KEY AUTOINCREMENT,
    term_index INTEGER UNIQUE,
    term_text CHAR(512)
);
success!
timestamp: 2015-06-01T12:44:25.500476
CREATE TABLE vocab_text(
    id INTEGER PRIMARY KEY AUTOINCREMENT,
    term_text CHAR(512) UNIQUE
);
success!
timestamp: 2015-06-01T12:46:55.830025
CREATE TABLE options(
    id INTEGER PRIMARY KEY AUTOINCREMENT,
    key CHAR(512) UNIQUE,
    value CHAR(512)
);
success!
timestamp: 2015-06-01T12:46:55.840326
CREATE TABLE terms(
    id INTEGER PRIMARY KEY AUTOINCREMENT,
    term_index INTEGER UNIQUE,
    term_text CHAR(512) UNIQUE,
    term_freq DOUBLE,
    rank INTEGER
);
success!
timestamp: 2015-06-01T12:46:55.853110
CREATE TABLE docs(
    id INTEGER PRIMARY KEY AUTOINCREMENT,
    doc_index INTEGER UNIQUE,
    doc_id CHAR(512) UNIQUE,
    doc_freq DOUBLE,
    rank INTEGER
);
success!
timestamp: 2015-06-01T12:46:55.864618
CREATE TABLE topics(
    id INTEGER PRIMARY KEY AUTOINCREMENT,
    topic_index INTEGER UNIQUE,
    topic_freq DOUBLE,
    topic_label CHAR(512),
    topic_desc CHAR(512),
    top_terms TEXT,
    top_docs TEXT,
    rank INTEGER
);
success!
timestamp: 2015-06-01T12:46:55.874895
CREATE TABLE term_topic_matrix(
    id INTEGER PRIMARY KEY AUTOINCREMENT,
    term_index INTEGER,
    topic_index INTEGER,
    value DOUBLE,
    rank INTEGER
);
success!
timestamp: 2015-06-01T12:46:55.887351
CREATE TABLE doc_topic_matrix(
    id INTEGER PRIMARY KEY AUTOINCREMENT,
    doc_index INTEGER,
    topic_index INTEGER,
    value DOUBLE,
    rank INTEGER
);
success!
timestamp: 2015-06-01T12:46:55.899592
CREATE TABLE topic_covariance(
    id INTEGER PRIMARY KEY AUTOINCREMENT,
    first_topic_index INTEGER,
    second_topic_index INTEGER,
    value DOUBLE,
    rank INTEGER
);
success!
