timestamp: 2016-02-22T13:24:36.230954
CREATE TABLE options(
    id INTEGER PRIMARY KEY AUTOINCREMENT,
    key CHAR(512) UNIQUE,
    value CHAR(512)
);
success!
timestamp: 2016-02-22T13:24:36.386777
CREATE TABLE term_texts(
    id INTEGER PRIMARY KEY AUTOINCREMENT,
    term_index INTEGER UNIQUE,
    term_text CHAR(512) UNIQUE
);
success!
timestamp: 2016-02-22T13:24:36.392160
CREATE TABLE term_freqs(
    id INTEGER PRIMARY KEY AUTOINCREMENT,
    term_index INTEGER UNIQUE,
    value DOUBLE,
    rank INTEGER
);
success!
timestamp: 2016-02-22T13:24:36.398993
CREATE TABLE term_probs(
    id INTEGER PRIMARY KEY AUTOINCREMENT,
    term_index INTEGER UNIQUE,
    value DOUBLE,
    rank INTEGER
);
success!
timestamp: 2016-02-22T13:24:36.405314
CREATE TABLE term_doc_freqs(
    id INTEGER PRIMARY KEY AUTOINCREMENT,
    term_index INTEGER UNIQUE,
    value DOUBLE,
    rank INTEGER
);
success!
timestamp: 2016-02-22T13:24:36.416749
CREATE TABLE term_co_freqs(
    id INTEGER PRIMARY KEY AUTOINCREMENT,
    first_term_index INTEGER,
    second_term_index INTEGER,
    value DOUBLE,
    rank INTEGER
);
success!
timestamp: 2016-02-22T13:24:36.436499
CREATE TABLE term_co_probs(
    id INTEGER PRIMARY KEY AUTOINCREMENT,
    first_term_index INTEGER,
    second_term_index INTEGER,
    value DOUBLE,
    rank INTEGER
);
success!
timestamp: 2016-02-22T13:24:36.451537
CREATE TABLE term_g2(
    id INTEGER PRIMARY KEY AUTOINCREMENT,
    first_term_index INTEGER,
    second_term_index INTEGER,
    value DOUBLE,
    rank INTEGER
);
success!
timestamp: 2016-02-22T13:24:36.486285
CREATE TABLE sentences_co_freqs(
    id INTEGER PRIMARY KEY AUTOINCREMENT,
    first_term_index INTEGER,
    second_term_index INTEGER,
    value DOUBLE,
    rank INTEGER
);
success!
timestamp: 2016-02-22T13:24:36.508468
CREATE TABLE sentences_co_probs(
    id INTEGER PRIMARY KEY AUTOINCREMENT,
    first_term_index INTEGER,
    second_term_index INTEGER,
    value DOUBLE,
    rank INTEGER
);
success!
timestamp: 2016-02-22T13:24:36.527542
CREATE TABLE sentences_g2(
    id INTEGER PRIMARY KEY AUTOINCREMENT,
    first_term_index INTEGER,
    second_term_index INTEGER,
    value DOUBLE,
    rank INTEGER
);
success!
timestamp: 2016-02-22T13:24:36.545439
CREATE TABLE vocab(
    id INTEGER PRIMARY KEY AUTOINCREMENT,
    term_index INTEGER UNIQUE,
    term_text CHAR(512)
);
success!
timestamp: 2016-02-22T13:24:36.549453
CREATE TABLE vocab_text(
    id INTEGER PRIMARY KEY AUTOINCREMENT,
    term_text CHAR(512) UNIQUE
);
success!
timestamp: 2016-02-22T13:32:59.976961
CREATE TABLE options(
    id INTEGER PRIMARY KEY AUTOINCREMENT,
    key CHAR(512) UNIQUE,
    value CHAR(512)
);
success!
timestamp: 2016-02-22T13:32:59.986434
CREATE TABLE terms(
    id INTEGER PRIMARY KEY AUTOINCREMENT,
    term_index INTEGER UNIQUE,
    term_text CHAR(512) UNIQUE,
    term_freq DOUBLE,
    rank INTEGER
);
success!
timestamp: 2016-02-22T13:32:59.997112
CREATE TABLE docs(
    id INTEGER PRIMARY KEY AUTOINCREMENT,
    doc_index INTEGER UNIQUE,
    doc_id CHAR(512) UNIQUE,
    doc_title CHAR(512),
    doc_freq DOUBLE,
    rank INTEGER
);
success!
timestamp: 2016-02-22T13:33:00.011156
CREATE TABLE topics(
    id INTEGER PRIMARY KEY AUTOINCREMENT,
    topic_index INTEGER UNIQUE,
    topic_freq DOUBLE,
    topic_label CHAR(512),
    topic_desc CHAR(512),
    top_terms TEXT,
    top_docs TEXT,
    rank INTEGER
);
success!
timestamp: 2016-02-22T13:33:00.020202
CREATE TABLE term_topic_matrix(
    id INTEGER PRIMARY KEY AUTOINCREMENT,
    term_index INTEGER,
    topic_index INTEGER,
    value DOUBLE,
    rank INTEGER
);
success!
timestamp: 2016-02-22T13:33:00.058208
CREATE TABLE doc_topic_matrix(
    id INTEGER PRIMARY KEY AUTOINCREMENT,
    doc_index INTEGER,
    topic_index INTEGER,
    value DOUBLE,
    rank INTEGER
);
success!
timestamp: 2016-02-22T13:33:00.102359
CREATE TABLE topic_covariance(
    id INTEGER PRIMARY KEY AUTOINCREMENT,
    first_topic_index INTEGER,
    second_topic_index INTEGER,
    value DOUBLE,
    rank INTEGER
);
success!
