timestamp: 2015-12-31T13:36:35.085948
CREATE TABLE options(
    id INTEGER PRIMARY KEY AUTOINCREMENT,
    key CHAR(512) UNIQUE,
    value CHAR(512)
);
success!
timestamp: 2015-12-31T13:36:36.046946
CREATE TABLE term_texts(
    id INTEGER PRIMARY KEY AUTOINCREMENT,
    term_index INTEGER UNIQUE,
    term_text CHAR(512) UNIQUE
);
success!
timestamp: 2015-12-31T13:36:36.316800
CREATE TABLE term_freqs(
    id INTEGER PRIMARY KEY AUTOINCREMENT,
    term_index INTEGER UNIQUE,
    value DOUBLE,
    rank INTEGER
);
success!
timestamp: 2015-12-31T13:36:36.324024
CREATE TABLE term_probs(
    id INTEGER PRIMARY KEY AUTOINCREMENT,
    term_index INTEGER UNIQUE,
    value DOUBLE,
    rank INTEGER
);
success!
timestamp: 2015-12-31T13:36:36.332922
CREATE TABLE term_doc_freqs(
    id INTEGER PRIMARY KEY AUTOINCREMENT,
    term_index INTEGER UNIQUE,
    value DOUBLE,
    rank INTEGER
);
success!
timestamp: 2015-12-31T13:36:36.340719
CREATE TABLE term_co_freqs(
    id INTEGER PRIMARY KEY AUTOINCREMENT,
    first_term_index INTEGER,
    second_term_index INTEGER,
    value DOUBLE,
    rank INTEGER
);
success!
timestamp: 2015-12-31T13:36:36.351005
CREATE TABLE term_co_probs(
    id INTEGER PRIMARY KEY AUTOINCREMENT,
    first_term_index INTEGER,
    second_term_index INTEGER,
    value DOUBLE,
    rank INTEGER
);
success!
timestamp: 2015-12-31T13:36:36.359630
CREATE TABLE term_g2(
    id INTEGER PRIMARY KEY AUTOINCREMENT,
    first_term_index INTEGER,
    second_term_index INTEGER,
    value DOUBLE,
    rank INTEGER
);
success!
timestamp: 2015-12-31T13:36:36.367799
CREATE TABLE sentences_co_freqs(
    id INTEGER PRIMARY KEY AUTOINCREMENT,
    first_term_index INTEGER,
    second_term_index INTEGER,
    value DOUBLE,
    rank INTEGER
);
success!
timestamp: 2015-12-31T13:36:36.376512
CREATE TABLE sentences_co_probs(
    id INTEGER PRIMARY KEY AUTOINCREMENT,
    first_term_index INTEGER,
    second_term_index INTEGER,
    value DOUBLE,
    rank INTEGER
);
success!
timestamp: 2015-12-31T13:36:36.386815
CREATE TABLE sentences_g2(
    id INTEGER PRIMARY KEY AUTOINCREMENT,
    first_term_index INTEGER,
    second_term_index INTEGER,
    value DOUBLE,
    rank INTEGER
);
success!
timestamp: 2015-12-31T13:36:36.397364
CREATE TABLE vocab(
    id INTEGER PRIMARY KEY AUTOINCREMENT,
    term_index INTEGER UNIQUE,
    term_text CHAR(512)
);
success!
timestamp: 2015-12-31T13:36:36.400933
CREATE TABLE vocab_text(
    id INTEGER PRIMARY KEY AUTOINCREMENT,
    term_text CHAR(512) UNIQUE
);
success!
timestamp: 2015-12-31T13:39:06.274191
CREATE TABLE options(
    id INTEGER PRIMARY KEY AUTOINCREMENT,
    key CHAR(512) UNIQUE,
    value CHAR(512)
);
success!
timestamp: 2015-12-31T13:39:06.284775
CREATE TABLE terms(
    id INTEGER PRIMARY KEY AUTOINCREMENT,
    term_index INTEGER UNIQUE,
    term_text CHAR(512) UNIQUE,
    term_freq DOUBLE,
    rank INTEGER
);
success!
timestamp: 2015-12-31T13:39:06.294539
CREATE TABLE docs(
    id INTEGER PRIMARY KEY AUTOINCREMENT,
    doc_index INTEGER UNIQUE,
    doc_id CHAR(512) UNIQUE,
    doc_freq DOUBLE,
    rank INTEGER
);
success!
timestamp: 2015-12-31T13:39:06.304021
CREATE TABLE topics(
    id INTEGER PRIMARY KEY AUTOINCREMENT,
    topic_index INTEGER UNIQUE,
    topic_freq DOUBLE,
    topic_label CHAR(512),
    topic_desc CHAR(512),
    top_terms TEXT,
    top_docs TEXT,
    rank INTEGER
);
success!
timestamp: 2015-12-31T13:39:06.311564
CREATE TABLE term_topic_matrix(
    id INTEGER PRIMARY KEY AUTOINCREMENT,
    term_index INTEGER,
    topic_index INTEGER,
    value DOUBLE,
    rank INTEGER
);
success!
timestamp: 2015-12-31T13:39:06.321981
CREATE TABLE doc_topic_matrix(
    id INTEGER PRIMARY KEY AUTOINCREMENT,
    doc_index INTEGER,
    topic_index INTEGER,
    value DOUBLE,
    rank INTEGER
);
success!
timestamp: 2015-12-31T13:39:06.366615
CREATE TABLE topic_covariance(
    id INTEGER PRIMARY KEY AUTOINCREMENT,
    first_topic_index INTEGER,
    second_topic_index INTEGER,
    value DOUBLE,
    rank INTEGER
);
success!
